[    0.000000] Linux version 4.15.0-143-generic (buildd@lcy01-amd64-001) (gcc version 7.5.0 (Ubuntu 7.5.0-3ubuntu1~18.04)) #147-Ubuntu SMP Wed Apr 14 16:10:11 UTC 2021 (Ubuntu 4.15.0-143.147-generic 4.15.18)
[    0.000000] Command line: BOOT_IMAGE=/boot/vmlinuz-4.15.0-143-generic root=LABEL=cloudimg-rootfs ro console=tty1 console=ttyS0
[    0.000000] KERNEL supported cpus:
[    0.000000]   Intel GenuineIntel
[    0.000000]   AMD AuthenticAMD
[    0.000000]   Centaur CentaurHauls
[    0.000000] x86/fpu: Supporting XSAVE feature 0x001: 'x87 floating point registers'
[    0.000000] x86/fpu: Supporting XSAVE feature 0x002: 'SSE registers'
[    0.000000] x86/fpu: Supporting XSAVE feature 0x004: 'AVX registers'
[    0.000000] x86/fpu: xstate_offset[2]:  576, xstate_sizes[2]:  256
[    0.000000] x86/fpu: Enabled xstate features 0x7, context size is 832 bytes, using 'standard' format.
[    0.000000] e820: BIOS-provided physical RAM map:
[    0.000000] BIOS-e820: [mem 0x0000000000000000-0x000000000009fbff] usable
[    0.000000] BIOS-e820: [mem 0x000000000009fc00-0x000000000009ffff] reserved
[    0.000000] BIOS-e820: [mem 0x00000000000f0000-0x00000000000fffff] reserved
[    0.000000] BIOS-e820: [mem 0x0000000000100000-0x000000003ffeffff] usable
[    0.000000] BIOS-e820: [mem 0x000000003fff0000-0x000000003fffffff] ACPI data
[    0.000000] BIOS-e820: [mem 0x00000000fec00000-0x00000000fec00fff] reserved
[    0.000000] BIOS-e820: [mem 0x00000000fee00000-0x00000000fee00fff] reserved
[    0.000000] BIOS-e820: [mem 0x00000000fffc0000-0x00000000ffffffff] reserved
[    0.000000] NX (Execute Disable) protection: active
[    0.000000] SMBIOS 2.5 present.
[    0.000000] DMI: innotek GmbH VirtualBox/VirtualBox, BIOS VirtualBox 12/01/2006
[    0.000000] Hypervisor detected: KVM
[    0.000000] e820: last_pfn = 0x3fff0 max_arch_pfn = 0x400000000
[    0.000000] MTRR: Disabled
[    0.000000] x86/PAT: MTRRs disabled, skipping PAT initialization too.
[    0.000000] CPU MTRRs all blank - virtualized system.
[    0.000000] x86/PAT: Configuration [0-7]: WB  WT  UC- UC  WB  WT  UC- UC  
[    0.000000] found SMP MP-table at [mem 0x0009fff0-0x0009ffff]
[    0.000000] Scanning 1 areas for low memory corruption
[    0.000000] RAMDISK: [mem 0x359d1000-0x36cdffff]
[    0.000000] ACPI: Early table checksum verification disabled
[    0.000000] ACPI: RSDP 0x00000000000E0000 000024 (v02 VBOX  )
[    0.000000] ACPI: XSDT 0x000000003FFF0030 00003C (v01 VBOX   VBOXXSDT 00000001 ASL  00000061)
[    0.000000] ACPI: FACP 0x000000003FFF00F0 0000F4 (v04 VBOX   VBOXFACP 00000001 ASL  00000061)
[    0.000000] ACPI: DSDT 0x000000003FFF0470 002325 (v02 VBOX   VBOXBIOS 00000002 INTL 20100528)
[    0.000000] ACPI: FACS 0x000000003FFF0200 000040
[    0.000000] ACPI: FACS 0x000000003FFF0200 000040
[    0.000000] ACPI: APIC 0x000000003FFF0240 000054 (v02 VBOX   VBOXAPIC 00000001 ASL  00000061)
[    0.000000] ACPI: SSDT 0x000000003FFF02A0 0001CC (v01 VBOX   VBOXCPUT 00000002 INTL 20100528)
[    0.000000] No NUMA configuration found
[    0.000000] Faking a node at [mem 0x0000000000000000-0x000000003ffeffff]
[    0.000000] NODE_DATA(0) allocated [mem 0x3ffc5000-0x3ffeffff]
[    0.000000] kvm-clock: cpu 0, msr 0:3ff44001, primary cpu clock
[    0.000000] kvm-clock: Using msrs 4b564d01 and 4b564d00
[    0.000000] kvm-clock: using sched offset of 4080249142 cycles
[    0.000000] clocksource: kvm-clock: mask: 0xffffffffffffffff max_cycles: 0x1cd42e4dffb, max_idle_ns: 881590591483 ns
[    0.000000] Zone ranges:
[    0.000000]   DMA      [mem 0x0000000000001000-0x0000000000ffffff]
[    0.000000]   DMA32    [mem 0x0000000001000000-0x000000003ffeffff]
[    0.000000]   Normal   empty
[    0.000000]   Device   empty
[    0.000000] Movable zone start for each node
[    0.000000] Early memory node ranges
[    0.000000]   node   0: [mem 0x0000000000001000-0x000000000009efff]
[    0.000000]   node   0: [mem 0x0000000000100000-0x000000003ffeffff]
[    0.000000] Reserved but unavailable: 98 pages
[    0.000000] Initmem setup node 0 [mem 0x0000000000001000-0x000000003ffeffff]
[    0.000000] ACPI: PM-Timer IO Port: 0x4008
[    0.000000] IOAPIC[0]: apic_id 1, version 32, address 0xfec00000, GSI 0-23
[    0.000000] ACPI: INT_SRC_OVR (bus 0 bus_irq 0 global_irq 2 dfl dfl)
[    0.000000] ACPI: INT_SRC_OVR (bus 0 bus_irq 9 global_irq 9 low level)
[    0.000000] Using ACPI (MADT) for SMP configuration information
[    0.000000] smpboot: Allowing 1 CPUs, 0 hotplug CPUs
[    0.000000] PM: Registered nosave memory: [mem 0x00000000-0x00000fff]
[    0.000000] PM: Registered nosave memory: [mem 0x0009f000-0x0009ffff]
[    0.000000] PM: Registered nosave memory: [mem 0x000a0000-0x000effff]
[    0.000000] PM: Registered nosave memory: [mem 0x000f0000-0x000fffff]
[    0.000000] e820: [mem 0x40000000-0xfebfffff] available for PCI devices
[    0.000000] Booting paravirtualized kernel on KVM
[    0.000000] clocksource: refined-jiffies: mask: 0xffffffff max_cycles: 0xffffffff, max_idle_ns: 7645519600211568 ns
[    0.000000] random: get_random_bytes called from start_kernel+0x99/0x500 with crng_init=0
[    0.000000] setup_percpu: NR_CPUS:8192 nr_cpumask_bits:1 nr_cpu_ids:1 nr_node_ids:1
[    0.000000] percpu: Embedded 45 pages/cpu s147456 r8192 d28672 u2097152
[    0.000000] PV qspinlock hash table entries: 256 (order: 0, 4096 bytes)
[    0.000000] Built 1 zonelists, mobility grouping on.  Total pages: 257913
[    0.000000] Policy zone: DMA32
[    0.000000] Kernel command line: BOOT_IMAGE=/boot/vmlinuz-4.15.0-143-generic root=LABEL=cloudimg-rootfs ro console=tty1 console=ttyS0
[    0.000000] Memory: 982904K/1048120K available (12300K kernel code, 2483K rwdata, 4316K rodata, 2444K init, 2724K bss, 65216K reserved, 0K cma-reserved)
[    0.000000] SLUB: HWalign=64, Order=0-3, MinObjects=0, CPUs=1, Nodes=1
[    0.000000] Kernel/User page tables isolation: enabled
[    0.000000] ftrace: allocating 39437 entries in 155 pages
[    0.004000] Hierarchical RCU implementation.
[    0.004000] 	RCU restricting CPUs from NR_CPUS=8192 to nr_cpu_ids=1.
[    0.004000] 	Tasks RCU enabled.
[    0.004000] RCU: Adjusting geometry for rcu_fanout_leaf=16, nr_cpu_ids=1
[    0.004000] NR_IRQS: 524544, nr_irqs: 256, preallocated irqs: 16
[    0.004000] Console: colour VGA+ 80x25
[    0.004000] console [tty1] enabled
[    0.004000] console [ttyS0] enabled
[    0.004000] ACPI: Core revision 20170831
[    0.004000] ACPI: 2 ACPI AML tables successfully acquired and loaded
[    0.004000] APIC: Switch to symmetric I/O mode setup
[    0.004000] x2apic enabled
[    0.004000] Switched APIC routing to physical x2apic.
[    0.004000] ..TIMER: vector=0x30 apic1=0 pin1=2 apic2=-1 pin2=-1
[    0.004000] tsc: Detected 2591.998 MHz processor
[    0.004006] Calibrating delay loop (skipped) preset value.. 5183.99 BogoMIPS (lpj=10367992)
[    0.004991] pid_max: default: 32768 minimum: 301
[    0.005597] Security Framework initialized
[    0.006095] Yama: becoming mindful.
[    0.006570] AppArmor: AppArmor initialized
[    0.008000] Dentry cache hash table entries: 131072 (order: 8, 1048576 bytes)
[    0.008055] Inode-cache hash table entries: 65536 (order: 7, 524288 bytes)
[    0.009072] Mount-cache hash table entries: 2048 (order: 2, 16384 bytes)
[    0.010178] Mountpoint-cache hash table entries: 2048 (order: 2, 16384 bytes)
[    0.012200] process: using mwait in idle threads
[    0.012972] Last level iTLB entries: 4KB 64, 2MB 8, 4MB 8
[    0.013897] Last level dTLB entries: 4KB 64, 2MB 0, 4MB 0, 1GB 4
[    0.015265] Spectre V1 : Mitigation: usercopy/swapgs barriers and __user pointer sanitization
[    0.016003] Spectre V2 : Mitigation: Full generic retpoline
[    0.016658] Spectre V2 : Spectre v2 / SpectreRSB mitigation: Filling RSB on context switch
[    0.017638] Speculative Store Bypass: Vulnerable
[    0.018209] SRBDS: Unknown: Dependent on hypervisor status
[    0.018910] MDS: Mitigation: Clear CPU buffers
[    0.026320] Freeing SMP alternatives memory: 36K
[    0.136005] APIC calibration not consistent with PM-Timer: 98ms instead of 100ms
[    0.136932] APIC delta adjusted to PM-Timer: 6248914 (6157019)
[    0.137651] smpboot: CPU0: Intel(R) Core(TM) i7-9750H CPU @ 2.60GHz (family: 0x6, model: 0x9e, stepping: 0xa)
[    0.140061] Performance Events: unsupported p6 CPU model 158 no PMU driver, software events only.
[    0.141394] Hierarchical SRCU implementation.
[    0.142695] NMI watchdog: Perf event create on CPU 0 failed with -2
[    0.144007] NMI watchdog: Perf NMI watchdog permanently disabled
[    0.144978] smp: Bringing up secondary CPUs ...
[    0.145757] smp: Brought up 1 node, 1 CPU
[    0.146352] smpboot: Max logical packages: 1
[    0.146878] smpboot: Total of 1 processors activated (5183.99 BogoMIPS)
[    0.148094] devtmpfs: initialized
[    0.148560] x86/mm: Memory block size: 128MB
[    0.149211] evm: security.selinux
[    0.149630] evm: security.SMACK64
[    0.150052] evm: security.SMACK64EXEC
[    0.150506] evm: security.SMACK64TRANSMUTE
[    0.151019] evm: security.SMACK64MMAP
[    0.151476] evm: security.apparmor
[    0.152004] evm: security.ima
[    0.152415] evm: security.capability
[    0.152947] clocksource: jiffies: mask: 0xffffffff max_cycles: 0xffffffff, max_idle_ns: 7645041785100000 ns
[    0.154248] futex hash table entries: 256 (order: 2, 16384 bytes)
[    0.156041] pinctrl core: initialized pinctrl subsystem
[    0.156736] RTC time: 13:03:06, date: 05/25/21
[    0.157472] NET: Registered protocol family 16
[    0.158072] audit: initializing netlink subsys (disabled)
[    0.158824] cpuidle: using governor ladder
[    0.159371] cpuidle: using governor menu
[    0.160038] ACPI: bus type PCI registered
[    0.160546] acpiphp: ACPI Hot Plug PCI Controller Driver version: 0.5
[    0.161391] PCI: Using configuration type 1 for base access
[    0.162186] audit: type=2000 audit(1621947791.911:1): state=initialized audit_enabled=0 res=1
[    0.164231] HugeTLB registered 2.00 MiB page size, pre-allocated 0 pages
[    0.168000] ACPI: Added _OSI(Module Device)
[    0.168004] ACPI: Added _OSI(Processor Device)
[    0.168549] ACPI: Added _OSI(3.0 _SCP Extensions)
[    0.172001] ACPI: Added _OSI(Processor Aggregator Device)
[    0.172646] ACPI: Added _OSI(Linux-Dell-Video)
[    0.173185] ACPI: Added _OSI(Linux-Lenovo-NV-HDMI-Audio)
[    0.173877] ACPI: Added _OSI(Linux-HPI-Hybrid-Graphics)
[    0.174710] ACPI: Executed 1 blocks of module-level executable AML code
[    0.177749] ACPI: Interpreter enabled
[    0.178221] ACPI: (supports S0 S5)
[    0.178827] ACPI: Using IOAPIC for interrupt routing
[    0.179858] PCI: Using host bridge windows from ACPI; if necessary, use "pci=nocrs" and report a bug
[    0.180131] ACPI: Enabled 2 GPEs in block 00 to 07
[    0.185521] ACPI: PCI Root Bridge [PCI0] (domain 0000 [bus 00-ff])
[    0.186544] acpi PNP0A03:00: _OSC: OS supports [ASPM ClockPM Segments MSI]
[    0.187886] acpi PNP0A03:00: _OSC: not requesting OS control; OS requires [ExtendedConfig ASPM ClockPM MSI]
[    0.188008] acpi PNP0A03:00: fail to add MMCONFIG information, can't access extended PCI configuration space under this bridge.
[    0.189949] PCI host bridge to bus 0000:00
[    0.192003] pci_bus 0000:00: root bus resource [io  0x0000-0x0cf7 window]
[    0.193040] pci_bus 0000:00: root bus resource [io  0x0d00-0xffff window]
[    0.194092] pci_bus 0000:00: root bus resource [mem 0x000a0000-0x000bffff window]
[    0.195238] pci_bus 0000:00: root bus resource [mem 0x40000000-0xfdffffff window]
[    0.196001] pci_bus 0000:00: root bus resource [bus 00-ff]
[    0.198845] pci 0000:00:01.1: legacy IDE quirk: reg 0x10: [io  0x01f0-0x01f7]
[    0.200003] pci 0000:00:01.1: legacy IDE quirk: reg 0x14: [io  0x03f6]
[    0.200848] pci 0000:00:01.1: legacy IDE quirk: reg 0x18: [io  0x0170-0x0177]
[    0.202005] pci 0000:00:01.1: legacy IDE quirk: reg 0x1c: [io  0x0376]
[    0.211793] pci 0000:00:07.0: quirk: [io  0x4000-0x403f] claimed by PIIX4 ACPI
[    0.212011] pci 0000:00:07.0: quirk: [io  0x4100-0x410f] claimed by PIIX4 SMB
[    0.218352] ACPI: PCI Interrupt Link [LNKA] (IRQs 5 9 10 *11)
[    0.219679] ACPI: PCI Interrupt Link [LNKB] (IRQs 5 9 *10 11)
[    0.220083] ACPI: PCI Interrupt Link [LNKC] (IRQs 5 *9 10 11)
[    0.220989] ACPI: PCI Interrupt Link [LNKD] (IRQs 5 9 10 *11)
[    0.222008] SCSI subsystem initialized
[    0.222667] pci 0000:00:02.0: vgaarb: setting as boot VGA device
[    0.223550] pci 0000:00:02.0: vgaarb: VGA device added: decodes=io+mem,owns=io+mem,locks=none
[    0.224003] pci 0000:00:02.0: vgaarb: bridge control possible
[    0.224851] vgaarb: loaded
[    0.225330] ACPI: bus type USB registered
[    0.226148] usbcore: registered new interface driver usbfs
[    0.228011] usbcore: registered new interface driver hub
[    0.229041] usbcore: registered new device driver usb
[    0.229893] EDAC MC: Ver: 3.0.0
[    0.230611] PCI: Using ACPI for IRQ routing
[    0.231473] NetLabel: Initializing
[    0.232001] NetLabel:  domain hash size = 128
[    0.232698] NetLabel:  protocols = UNLABELED CIPSOv4 CALIPSO
[    0.233772] NetLabel:  unlabeled traffic allowed by default
[    0.235070] clocksource: Switched to clocksource kvm-clock
[    0.280155] VFS: Disk quotas dquot_6.6.0
[    0.280849] VFS: Dquot-cache hash table entries: 512 (order 0, 4096 bytes)
[    0.281987] AppArmor: AppArmor Filesystem Enabled
[    0.282613] pnp: PnP ACPI init
[    0.283776] pnp: PnP ACPI: found 3 devices
[    0.289555] clocksource: acpi_pm: mask: 0xffffff max_cycles: 0xffffff, max_idle_ns: 2085701024 ns
[    0.292427] NET: Registered protocol family 2
[    0.293108] TCP established hash table entries: 8192 (order: 4, 65536 bytes)
[    0.294628] TCP bind hash table entries: 8192 (order: 5, 131072 bytes)
[    0.295534] TCP: Hash tables configured (established 8192 bind 8192)
[    0.296333] UDP hash table entries: 512 (order: 2, 16384 bytes)
[    0.297047] UDP-Lite hash table entries: 512 (order: 2, 16384 bytes)
[    0.297820] NET: Registered protocol family 1
[    0.298501] pci 0000:00:00.0: Limiting direct PCI/PCI transfers
[    0.299228] pci 0000:00:01.0: Activating ISA DMA hang workarounds
[    0.300008] pci 0000:00:02.0: Video device with shadowed ROM at [mem 0x000c0000-0x000dffff]
[    0.301275] Unpacking initramfs...
[    0.886057] Freeing initrd memory: 19516K
[    0.886815] clocksource: tsc: mask: 0xffffffffffffffff max_cycles: 0x255cb518234, max_idle_ns: 440795279333 ns
[    0.888161] platform rtc_cmos: registered platform RTC device (no PNP device found)
[    0.889165] Scanning for low memory corruption every 60 seconds
[    0.890215] Initialise system trusted keyrings
[    0.890779] Key type blacklist registered
[    0.891499] workingset: timestamp_bits=36 max_order=18 bucket_order=0
[    0.893020] zbud: loaded
[    0.893711] squashfs: version 4.0 (2009/01/31) Phillip Lougher
[    0.894478] fuse init (API version 7.26)
[    0.895470] Key type asymmetric registered
[    0.896066] Asymmetric key parser 'x509' registered
[    0.896748] Block layer SCSI generic (bsg) driver version 0.4 loaded (major 246)
[    0.897671] io scheduler noop registered
[    0.898459] io scheduler deadline registered
[    0.899039] io scheduler cfq registered (default)
[    0.899795] ACPI: AC Adapter [AC] (on-line)
[    0.900437] input: Power Button as /devices/LNXSYSTM:00/LNXPWRBN:00/input/input0
[    0.901627] ACPI: Power Button [PWRF]
[    0.902142] input: Sleep Button as /devices/LNXSYSTM:00/LNXSLPBN:00/input/input1
[    0.903245] ACPI: Sleep Button [SLPF]
[    0.904418] ACPI: Battery Slot [BAT0] (battery present)
[    0.905405] Serial: 8250/16550 driver, 32 ports, IRQ sharing enabled
[    0.926926] 00:02: ttyS0 at I/O 0x3f8 (irq = 4, base_baud = 115200) is a 16550A
[    0.929046] Linux agpgart interface v0.103
[    0.930225] loop: module loaded
[    0.931080] scsi host0: ata_piix
[    0.931783] scsi host1: ata_piix
[    0.932261] ata1: PATA max UDMA/33 cmd 0x1f0 ctl 0x3f6 bmdma 0xd000 irq 14
[    0.933090] ata2: PATA max UDMA/33 cmd 0x170 ctl 0x376 bmdma 0xd008 irq 15
[    0.934455] libphy: Fixed MDIO Bus: probed
[    0.935089] tun: Universal TUN/TAP device driver, 1.6
[    0.935854] PPP generic driver version 2.4.2
[    0.936502] ehci_hcd: USB 2.0 'Enhanced' Host Controller (EHCI) Driver
[    0.937318] ehci-pci: EHCI PCI platform driver
[    0.937869] ehci-platform: EHCI generic platform driver
[    0.938545] ohci_hcd: USB 1.1 'Open' Host Controller (OHCI) Driver
[    0.939276] ohci-pci: OHCI PCI platform driver
[    0.939820] ohci-platform: OHCI generic platform driver
[    0.940506] uhci_hcd: USB Universal Host Controller Interface driver
[    0.941281] i8042: PNP: PS/2 Controller [PNP0303:PS2K,PNP0f03:PS2M] at 0x60,0x64 irq 1,12
[    0.942661] serio: i8042 KBD port at 0x60,0x64 irq 1
[    0.943318] serio: i8042 AUX port at 0x60,0x64 irq 12
[    0.943986] mousedev: PS/2 mouse device common for all mice
[    0.944891] input: AT Translated Set 2 keyboard as /devices/platform/i8042/serio0/input/input2
[    0.946512] rtc_cmos rtc_cmos: rtc core: registered rtc_cmos as rtc0
[    0.947309] rtc_cmos rtc_cmos: alarms up to one day, 114 bytes nvram
[    0.948172] i2c /dev entries driver
[    0.948707] device-mapper: uevent: version 1.0.3
[    0.949305] device-mapper: ioctl: 4.37.0-ioctl (2017-09-20) initialised: dm-devel@redhat.com
[    0.950316] ledtrig-cpu: registered to indicate activity on CPUs
[    0.951118] intel_pmc_core:  initialized
[    0.951795] NET: Registered protocol family 10
[    0.954434] Segment Routing with IPv6
[    0.954947] NET: Registered protocol family 17
[    0.955647] Key type dns_resolver registered
[    0.956243] mce: Using 0 MCE banks
[    0.956684] RAS: Correctable Errors collector initialized.
[    0.957338] sched_clock: Marking stable (956179916, 0)->(1132073028, -175893112)
[    0.958326] registered taskstats version 1
[    0.958969] Loading compiled-in X.509 certificates
[    0.961011] Loaded X.509 cert 'Build time autogenerated kernel key: de118354fe72448b469776565e76ac30c08e8db2'
[    0.962817] Loaded X.509 cert 'Canonical Ltd. Live Patch Signing: 14df34d1a87cf37625abec039ef2bf521249b969'
[    0.964444] Loaded X.509 cert 'Canonical Ltd. Kernel Module Signing: 88f752e560a1e0737e31163a466ad7b70a850c19'
[    0.965827] zswap: loaded using pool lzo/zbud
[    0.968129] Key type big_key registered
[    0.968616] Key type trusted registered
[    0.969966] Key type encrypted registered
[    0.970477] AppArmor: AppArmor sha1 policy hashing enabled
[    0.971124] ima: No TPM chip found, activating TPM-bypass! (rc=-19)
[    0.971854] ima: Allocated hash algorithm: sha1
[    0.972470] evm: HMAC attrs: 0x1
[    0.973093]   Magic number: 5:763:79
[    0.973626] rtc_cmos rtc_cmos: setting system clock to 2021-05-25 13:03:07 UTC (1621947787)
[    0.974747] BIOS EDD facility v0.16 2004-Jun-25, 0 devices found
[    0.975660] EDD information not available.
[    1.119538] Freeing unused kernel image memory: 2444K
[    1.128858] Write protecting the kernel read-only data: 20480k
[    1.130144] Freeing unused kernel image memory: 2008K
[    1.131078] Freeing unused kernel image memory: 1828K
[    1.137153] x86/mm: Checked W+X mappings: passed, no W+X pages found.
[    1.138375] x86/mm: Checking user space page tables
[    1.143890] x86/mm: Checked W+X mappings: passed, no W+X pages found.
Loading, please wait...
starting version 237
[    1.234399] e1000: Intel(R) PRO/1000 Network Driver - version 7.3.21-k8-NAPI
[    1.235277] e1000: Copyright (c) 1999-2006 Intel Corporation.
[    1.239187] Fusion MPT base driver 3.04.20
[    1.239711] Copyright (c) 1999-2008 LSI Corporation
[    1.249113] Fusion MPT SPI Host driver 3.04.20
[    1.270100] AVX2 version of gcm_enc/dec engaged.
[    1.270702] AES CTR mode by8 optimization enabled
[    1.449971] input: ImExPS/2 Generic Explorer Mouse as /devices/platform/i8042/serio1/input/input4
[    1.643171] e1000 0000:00:03.0 eth0: (PCI:33MHz:32-bit) 02:79:d1:66:99:96
[    1.644293] e1000 0000:00:03.0 eth0: Intel(R) PRO/1000 Network Connection
[    1.646059] mptbase: ioc0: Initiating bringup
[    1.741748] ioc0: LSI53C1030 A0: Capabilities={Initiator}
[    1.982955] scsi host2: ioc0: LSI53C1030 A0, FwRev=00000000h, Ports=1, MaxQ=256, IRQ=20
[    2.152530] scsi 2:0:0:0: Direct-Access     VBOX     HARDDISK         1.0  PQ: 0 ANSI: 5
[    2.153702] scsi target2:0:0: Beginning Domain Validation
[    2.156059] scsi target2:0:0: Domain Validation skipping write tests
[    2.158495] scsi target2:0:0: Ending Domain Validation
[    2.159172] scsi target2:0:0: asynchronous
[    2.159892] scsi 2:0:1:0: Direct-Access     VBOX     HARDDISK         1.0  PQ: 0 ANSI: 5
[    2.160891] scsi target2:0:1: Beginning Domain Validation
[    2.161761] random: fast init done
[    2.163753] scsi target2:0:1: Domain Validation skipping write tests
[    2.164670] scsi target2:0:1: Ending Domain Validation
[    2.165629] scsi target2:0:1: asynchronous
[    2.168329] random: systemd-udevd: uninitialized urandom read (16 bytes read)
[    2.169349] random: systemd-udevd: uninitialized urandom read (16 bytes read)
[    2.170478] random: systemd-udevd: uninitialized urandom read (16 bytes read)
[    2.171616] sd 2:0:0:0: Attached scsi generic sg0 type 0
[    2.172694] sd 2:0:0:0: [sda] 83886080 512-byte logical blocks: (42.9 GB/40.0 GiB)
[    2.174070] sd 2:0:0:0: [sda] Write Protect is off
[    2.175211] sd 2:0:0:0: [sda] Incomplete mode parameter data
[    2.176626] sd 2:0:0:0: [sda] Assuming drive cache: write through
[    2.180827] sd 2:0:1:0: Attached scsi generic sg1 type 0
[    2.182033] sd 2:0:1:0: [sdb] 20480 512-byte logical blocks: (10.5 MB/10.0 MiB)
[    2.183158] sd 2:0:1:0: [sdb] Write Protect is off
[    2.184157] sd 2:0:1:0: [sdb] Incomplete mode parameter data
[    2.184966] sd 2:0:1:0: [sdb] Assuming drive cache: write through
[    2.187823]  sda: sda1
[    2.192706] sd 2:0:0:0: [sda] Attached SCSI disk
[    2.208513] sd 2:0:1:0: [sdb] Attached SCSI disk
[    2.531314] e1000 0000:00:08.0 eth1: (PCI:33MHz:32-bit) 08:00:27:46:bc:77
[    2.532699] e1000 0000:00:08.0 eth1: Intel(R) PRO/1000 Network Connection
[    2.534563] e1000 0000:00:08.0 enp0s8: renamed from eth1
[    2.536564] e1000 0000:00:03.0 enp0s3: renamed from eth0
Begin: Loading essential drivers ... [    3.880182] raid6: sse2x1   gen() 13775 MB/s
[    3.928447] raid6: sse2x1   xor()  9945 MB/s
[    3.976332] raid6: sse2x2   gen() 17122 MB/s
[    4.024090] raid6: sse2x2   xor() 11277 MB/s
[    4.072338] raid6: sse2x4   gen() 19342 MB/s
[    4.120251] raid6: sse2x4   xor() 11719 MB/s
[    4.168100] raid6: avx2x1   gen() 27127 MB/s
[    4.216035] raid6: avx2x1   xor() 19026 MB/s
[    4.264297] raid6: avx2x2   gen() 32359 MB/s
[    4.312158] raid6: avx2x2   xor() 20837 MB/s
[    4.360460] raid6: avx2x4   gen() 38147 MB/s
[    4.408245] raid6: avx2x4   xor() 23119 MB/s
[    4.409066] raid6: using algorithm avx2x4 gen() 38147 MB/s
[    4.410361] raid6: .... xor() 23119 MB/s, rmw enabled
[    4.411016] raid6: using avx2x2 recovery algorithm
[    4.412806] xor: automatically using best checksumming function   avx       
[    4.414585] async_tx: api initialized (async)
done.
Begin: Running /scripts/init-premount ... done.
Begin: Mounting root file system ... Begin: Running /scripts/local-top ... done.
Begin: Running /scripts/local-premount ... [    4.451691] Btrfs loaded, crc32c=crc32c-intel
Scanning for Btrfs filesystems
done.
Warning: fsck not present, so skipping root file system
[    4.474159] EXT4-fs (sda1): mounted filesystem with ordered data mode. Opts: (null)
done.
Begin: Running /scripts/local-bottom ... done.
Begin: Running /scripts/init-bottom ... done.
[    4.647939] ip_tables: (C) 2000-2006 Netfilter Core Team
[    4.655180] systemd[1]: systemd 237 running in system mode. (+PAM +AUDIT +SELINUX +IMA +APPARMOR +SMACK +SYSVINIT +UTMP +LIBCRYPTSETUP +GCRYPT +GNUTLS +ACL +XZ +LZ4 +SECCOMP +BLKID +ELFUTILS +KMOD -IDN2 +IDN -PCRE2 default-hierarchy=hybrid)
[    4.658437] systemd[1]: Detected virtualization oracle.
[    4.659111] systemd[1]: Detected architecture x86-64.

Welcome to [1mUbuntu 18.04.5 LTS[0m!

[    4.673476] systemd[1]: Set hostname to <ubuntu>.
[    4.678442] systemd[1]: Initializing machine ID from random generator.
[    4.679755] systemd[1]: Installed transient /etc/machine-id file.
[    4.991544] systemd[1]: Created slice System Slice.
[[0;32m  OK  [0m] Created slice System Slice.
[    4.992898] systemd[1]: Listening on Journal Audit Socket.
[[0;32m  OK  [0m] Listening on Journal Audit Socket.
[    5.016731] systemd[1]: Listening on fsck to fsckd communication Socket.
[[0;32m  OK  [0m] Listening on fsck to fsckd communication Socket.
[    5.028505] systemd[1]: Listening on Syslog Socket.
[[0;32m  OK  [0m] Listening on Syslog Socket.
[[0;32m  OK  [0m] Listening on Journal Socket.
         Starting Uncomplicated firewall...
         Starting Create list of required st…ce nodes for the current kernel...
         Starting Load Kernel Modules...
         Starting File System Check on Root Device...
         Mounting Huge Pages File System...
[    5.095859] Loading iSCSI transport class v2.0-870.
[[0;32m  OK  [0m] Listening on Journal Socket (/dev/log).
         Starting Journal Service...
[    5.103297] iscsi: registered transport (tcp)
[[0;32m  OK  [0m] Listening on LVM2 metadata daemon socket.
[    5.116568] iscsi: registered transport (iser)
         Mounting Kernel Debug File System...
[[0;32m  OK  [0m] Reached target Swap.
         Starting Set the console keyboard layout...
[[0;32m  OK  [0m] Set up automount Arbitrary Executab…rmats File System Automount Point.
[[0;32m  OK  [0m] Reached target System Time Synchronized.
[[0;32m  OK  [0m] Listening on LVM2 poll daemon socket.
[[0;32m  OK  [0m] Listening on udev Kernel Socket.
         Mounting POSIX Message Queue File System...
[[0;32m  OK  [0m] Listening on Device-mapper event daemon FIFOs.
         Starting Monitoring of LVM2 mirrors…ng dmeventd or progress polling...
[[0;32m  OK  [0m] Listening on Network Service Netlink Socket.
[[0;32m  OK  [0m] Started Forward Password Requests to Wall Directory Watch.
[[0;32m  OK  [0m] Reached target User and Group Name Lookups.
[[0;32m  OK  [0m] Listening on udev Control Socket.
[[0;32m  OK  [0m] Created slice User and Session Slice.
[[0;32m  OK  [0m] Listening on /dev/initctl Compatibility Named Pipe.
[[0;32m  OK  [0m] Reached target Slices.
         Starting udev Coldplug all Devices...
[[0;32m  OK  [0m] Created slice system-serial\x2dgetty.slice.
[[0;32m  OK  [0m] Started Journal Service.
[[0;32m  OK  [0m] Started Uncomplicated firewall.
[[0;32m  OK  [0m] Started Create list of required sta…vice nodes for the current kernel.
[[0;32m  OK  [0m] Started Load Kernel Modules.
[[0;32m  OK  [0m] Started File System Check on Root Device.
[[0;32m  OK  [0m] Mounted Huge Pages File System.
[[0;32m  OK  [0m] Mounted Kernel Debug File System.
[[0;32m  OK  [0m] Started Set the console keyboard layout.
[[0;32m  OK  [0m] Mounted POSIX Message Queue File System.
[[0;32m  OK  [0m] Started File System Check Daemon to report status.
[[0;32m  OK  [0m] Started LVM2 metadata daemon.
         Starting Remount Root and Kernel File Systems...
         Starting Apply Kernel Variables...
         Mounting FUSE Control File System...
         Mounting Kernel Configuration File System...
         Starting Create Static Device Nodes in /dev...
[[0;32m  OK  [0m] Mounted Kernel Configuration File System.
[[0;32m  OK  [0m] Mounted FUSE Control File System.
[[0;32m  OK  [0m] Started Create Static Device Nodes in /dev.
[[0;32m  OK  [0m] Started Remount Root and Kernel File Systems.
         Starting Load/Save Random Seed...
         Starting Flush Journal to Persistent Storage...
         Starting udev Kernel Device Manager...
[[0;32m  OK  [0m] Started Apply Kernel Variables.
[[0;32m  OK  [0m] Started udev Coldplug all Devices.
[[0;32m  OK  [0m] Started Load/Save Random Seed.
[[0;32m  OK  [0m] Started udev Kernel Device Manager.
[[0;32m  OK  [0m] Started Dispatch Password Requests to Console Directory Watch.
[[0;32m  OK  [0m] Reached target Local Encrypted Volumes.
[[0;32m  OK  [0m] Started Monitoring of LVM2 mirrors,…sing dmeventd or progress polling.
[[0;32m  OK  [0m] Reached target Local File Systems (Pre).
[[0;32m  OK  [0m] Reached target Local File Systems.
         Starting Commit a transient machine-id on disk...
         Starting ebtables ruleset management...
         Starting Tell Plymouth To Write Out Runtime Data...
         Starting Set console font and keymap...
         Starting AppArmor initialization...
[[0;32m  OK  [0m] Started Flush Journal to Persistent Storage.
         Starting Create Volatile Files and Directories...
[[0;32m  OK  [0m] Started Set console font and keymap.
[[0;32m  OK  [0m] Started Tell Plymouth To Write Out Runtime Data.
[[0;32m  OK  [0m] Started Commit a transient machine-id on disk.
[[0;32m  OK  [0m] Started Create Volatile Files and Directories.
         Starting Update UTMP about System Boot/Shutdown...
[[0;32m  OK  [0m] Started Update UTMP about System Boot/Shutdown.
[[0;32m  OK  [0m] Started ebtables ruleset management.
[[0;32m  OK  [0m] Found device /dev/ttyS0.
[[0;32m  OK  [0m] Listening on Load/Save RF Kill Switch Status /dev/rfkill Watch.
[[0;32m  OK  [0m] Started AppArmor initialization.
         Starting Load AppArmor profiles managed internally by snapd...
         Starting Initial cloud-init job (pre-networking)...
[[0;32m  OK  [0m] Started Load AppArmor profiles managed internally by snapd.
[    7.873563] cloud-init[573]: Cloud-init v. 21.1-19-gbad84ad4-0ubuntu1~18.04.2 running 'init-local' at Tue, 25 May 2021 13:03:14 +0000. Up 7.53 seconds.
[[0;32m  OK  [0m] Started Initial cloud-init job (pre-networking).
[[0;32m  OK  [0m] Reached target Network (Pre).
         Starting Network Service...
[[0;32m  OK  [0m] Started Network Service.
         Starting Network Name Resolution...
         Starting Wait for Network to be Configured...
[[0;32m  OK  [0m] Started Network Name Resolution.
[[0;32m  OK  [0m] Reached target Host and Network Name Lookups.
[[0;32m  OK  [0m] Reached target Network.
[[0;32m  OK  [0m] Started Wait for Network to be Configured.
         Starting Initial cloud-init job (metadata service crawler)...
[    9.755822] cloud-init[649]: Cloud-init v. 21.1-19-gbad84ad4-0ubuntu1~18.04.2 running 'init' at Tue, 25 May 2021 13:03:16 +0000. Up 9.65 seconds.
[    9.756841] cloud-init[649]: ci-info: ++++++++++++++++++++++++++++++++++++++Net device info+++++++++++++++++++++++++++++++++++++++
[    9.758201] cloud-init[649]: ci-info: +--------+-------+----------------------------+---------------+--------+-------------------+
[    9.759007] cloud-init[649]: ci-info: | Device |   Up  |          Address           |      Mask     | Scope  |     Hw-Address    |
[    9.759938] cloud-init[649]: ci-info: +--------+-------+----------------------------+---------------+--------+-------------------+
[    9.760889] cloud-init[649]: ci-info: | enp0s3 |  True |         10.0.2.15          | 255.255.255.0 | global | 02:79:d1:66:99:96 |
[    9.761888] cloud-init[649]: ci-info: | enp0s3 |  True | fe80::79:d1ff:fe66:9996/64 |       .       |  link  | 02:79:d1:66:99:96 |
[    9.772294] cloud-init[649]: ci-info: | enp0s8 | False |             .              |       .       |   .    | 08:00:27:46:bc:77 |
[    9.773223] cloud-init[649]: ci-info: |   lo   |  True |         127.0.0.1          |   255.0.0.0   |  host  |         .         |
[    9.774175] cloud-init[649]: ci-info: |   lo   |  True |          ::1/128           |       .       |  host  |         .         |
[    9.775280] cloud-init[649]: ci-info: +--------+-------+----------------------------+---------------+--------+-------------------+
[    9.776120] cloud-init[649]: ci-info: ++++++++++++++++++++++++++++Route IPv4 info+++++++++++++++++++++++++++++
[    9.777078] cloud-init[649]: ci-info: +-------+-------------+----------+-----------------+-----------+-------+
[    9.778945] cloud-init[649]: ci-info: | Route | Destination | Gateway  |     Genmask     | Interface | Flags |
[    9.780599] cloud-init[649]: ci-info: +-------+-------------+----------+-----------------+-----------+-------+
[    9.781926] cloud-init[649]: ci-info: |   0   |   0.0.0.0   | 10.0.2.2 |     0.0.0.0     |   enp0s3  |   UG  |
[    9.783346] cloud-init[649]: ci-info: |   1   |   10.0.2.0  | 0.0.0.0  |  255.255.255.0  |   enp0s3  |   U   |
[    9.796109] cloud-init[649]: ci-info: |   2   |   10.0.2.2  | 0.0.0.0  | 255.255.255.255 |   enp0s3  |   UH  |
[    9.797090] cloud-init[649]: ci-info: +-------+-------------+----------+-----------------+-----------+-------+
[    9.798052] cloud-init[649]: ci-info: +++++++++++++++++++Route IPv6 info+++++++++++++++++++
[    9.798866] cloud-init[649]: ci-info: +-------+-------------+---------+-----------+-------+
[    9.799793] cloud-init[649]: ci-info: | Route | Destination | Gateway | Interface | Flags |
[    9.801326] cloud-init[649]: ci-info: +-------+-------------+---------+-----------+-------+
[    9.802489] cloud-init[649]: ci-info: |   1   |  fe80::/64  |    ::   |   enp0s3  |   U   |
[    9.805766] cloud-init[649]: ci-info: |   3   |    local    |    ::   |   enp0s3  |   U   |
[    9.806686] cloud-init[649]: ci-info: |   4   |   ff00::/8  |    ::   |   enp0s3  |   U   |
[    9.809052] cloud-init[649]: ci-info: +-------+-------------+---------+-----------+-------+
[   10.459021] cloud-init[649]: Generating public/private rsa key pair.
[   10.468159] cloud-init[649]: Your identification has been saved in /etc/ssh/ssh_host_rsa_key.
[   10.480183] cloud-init[649]: Your public key has been saved in /etc/ssh/ssh_host_rsa_key.pub.
[[0;32m  OK  [0m] Started Initial cloud-init job (metadata service crawler).
[[0;32m  OK  [0m] Reached target Cloud-config availability.
[[0;32m  OK  [0m] Reached target System Initialization.
[   10.495158] cloud-init[649]: The key fingerprint is:
[   10.510808] cloud-init[649]: SHA256:4uTwk7tDFKm4Pg02Dx7LajvX5iD96e/VC7XtZj345Bc root@ubuntu-bionic
[[0;32m  OK  [0m] Started ACPI Events Check.
[[0;32m  OK  [0m] Started Daily apt download activities.
[[0;32m  OK  [0m] Listening on ACPID Listen Socket.
[[0;32m  OK  [0m] Listening on UUID daemon activation socket.
[[0;32m  OK  [0m] Started Discard unused blocks once a week.
[[0;32m  OK  [0m] Listening on D-Bus System Message Bus Socket.
         Starting Socket activation for snappy daemon.
[   10.512985] cloud-init[649]: The key's randomart image is:
[   10.518950] cloud-init[649]: +---[RSA 2048]----+
[[0;32m  OK  [0m] Started Message of the Day.[   10.520519] cloud-init[649]: |       .         |
[   10.520599] cloud-init[649]: |      o          |
[   10.520705] cloud-init[649]: |   . . .         |
[   10.521213] cloud-init[649]: |  . . .          |
[   10.521334] cloud-init[649]: |   ...o S  .     |
[   10.522336] cloud-init[649]: |  O  *.o  o o  E |
[   10.522909] cloud-init[649]: | * @..*  o o .o..|
[   10.523478] cloud-init[649]: | oB.=ooo. . o+oo.|
[   10.524011] 
[[0;32m  OK  [0m] Started Ubuntu Advantage update messaging.
[[0;32m  OK  [0m] Listening on Open-iSCSI iscsid Socket.
[[0;32m  OK  [0m] Started Daily Cleanup of Temporary Directories.
         Starting LXD - unix socket.
[[0;32m  OK  [0m] Started Daily apt upgrade and clean activities.
[[0;32m  OK  [0m] Reached target Timers.
[[0;32m  OK  [0m] Reached target Paths.
[[0;32m  OK  [0m] Reached target Network is Online.
[[0;32m  OK  [0m] Reached target Remote File Systems (Pre).
[[0;32m  OK  [0m] Reached target Remote File Systems.
         Starting Availability of block devices...
[[0;32m  OK  [0m] Listening on Socket activation for snappy daemon.
[[0;32m  OK  [0m] Listening on LXD - unix socket.
[[0;32m  OK  [0m] Reached target Sockets.
[[0;32m  OK  [0m] Reached target Basic System.
cloud-init[649]: |oo+.+===   .o..oo|
[   10.536927] cloud-init[649]: +----[SHA256]-----+
         Starting LXD - container startup/shutdown...
[[0;32m  OK  [0m] Started D-Bus System Message Bus.
[   10.541676] cloud-init[649]: Generating public/private dsa key pair.
[   10.556323] cloud-init[649]: Your identification has been saved in /etc/ssh/ssh_host_dsa_key.
[   10.557297] cloud-init[649]: Your public key has been saved in /etc/ssh/ssh_host_dsa_key.pub.
[   10.558243] cloud-init[649]: The key fingerprint is:
[   10.558861] cloud-init[649]: SHA256:xLhbPrCqAmyHxICL6lK2vDxgGrWDUShbxb+51sCej9k root@ubuntu-bionic
[   10.560600] cloud-init[649]: The key's randomart image is:
[   10.562065] cloud-init[649]: +---[DSA 1024]----+
[   10.563334] cloud-init[649]: |.. o.            |
[   10.564552] cloud-init[649]: |= o .  o         |
[   10.565217] cloud-init[649]: |==   .. o        |
[   10.565689] cloud-init[649]: |=o.   .o         |
[   10.566338] cloud-init[649]: |++.. .ooS        |
[   10.567096] cloud-init[649]: |*==.  =*         |
[   10.567565] cloud-init[649]: |**.o .o=o        |
[   10.568418] cloud-init[649]: |+o+  .=+..       |
[   10.568982] cloud-init[649]: |..++..o.E        |
[   10.569787] cloud-init[649]: +----[SHA256]-----+
[   10.570384] cloud-init[649]: Generating public/private ecdsa key pair.
[   10.571132] cloud-init[649]: Your identification has been saved in /etc/ssh/ssh_host_ecdsa_key.
[   10.573118] cloud-init[649]: Your public key has been saved in /etc/ssh/ssh_host_ecdsa_key.pub.
[   10.573870] cloud-init[649]: The key fingerprint is:
[   10.584721] cloud-init[649]: SHA256:A0KSttKizvd2ocdPJg9U+8lKlU0z6TOkweVOU/bhv8c root@ubuntu-bionic
[   10.585664] cloud-init[649]: The key's randomart image is:
[   10.586301] cloud-init[649]: +---[ECDSA 256]---+
[   10.586847] cloud-init[649]: |  ...        . + |
[   10.587442] cloud-init[649]: |  oo      . o = o|
[   10.588087] cloud-init[649]: | o .. .  . o X ..|
[   10.588674] cloud-init[649]: |o o  . .. . @ + .|
[   10.589213] cloud-init[649]: |.o     .S. + *  .|
[   10.589815] cloud-init[649]: |.     .. .+ . o..|
[   10.590363] cloud-init[649]: |o     oo.+ +   .E|
[   10.590970] cloud-init[649]: | o . o +B .     .|
[   10.591605] cloud-init[649]: |  . o.o .+       |
[   10.592244] cloud-init[649]: +----[SHA256]-----+
[   10.592996] cloud-init[649]: Generating public/private ed25519 key pair.
[   10.593977] cloud-init[649]: Your identification has been saved in /etc/ssh/ssh_host_ed25519_key.
[   10.594628] cloud-init[649]: Your public key has been saved in /etc/ssh/ssh_host_ed25519_key.pub.
[   10.595161] cloud-init[649]: The key fingerprint is:
[   10.595722] cloud-init[649]: SHA256:ZdLqgHAqhZO/iXbBzBw1vx3X6ttKnPXkQZkYtt9alGo root@ubuntu-bionic
[   10.596801] cloud-init[649]: The key's randomart image is:
[   10.598659] cloud-init[649]: +--[ED25519 256]--+
[   10.599454] cloud-init[649]: |     o       o   |
[   10.600162] cloud-init[649]: | o  . o  .  o + +|
[   10.600724] cloud-init[649]: |+ o..  ...+. + =.|
[   10.601307] cloud-init[649]: | +=+..  o=o . +..|
[   10.601939] cloud-init[649]: |. o*. ..S. . E +o|
[   10.602605] cloud-init[649]: | o o.  o  o + +o.|
[   10.603244] cloud-init[649]: |..o.    .  =  .o |
[   10.603997] cloud-init[649]: |. .       . o    |
[   10.604716] cloud-init[649]: |           o..   |
[   10.605362] cloud-init[649]: +----[SHA256]-----+
[[0;32m  OK  [0m] Started irqbalance daemon.
[[0;32m  OK  [0m] Started Regular background program processing daemon.
         Starting LSB: Record successful boot for GRUB...
         Starting Pollinate to seed the pseudo random number generator...
         Starting Permit User Sessions...
         Starting LSB: automatic crash report generation...
[[0;32m  OK  [0m] Started Deferred execution scheduler.
         Starting System Logging Service...
         Starting Dispatcher daemon for systemd-networkd...
[[0;32m  OK  [0m] Started FUSE filesystem for LXC.
         Starting Virtualbox guest utils...
         Starting Accounts Service...
         Starting Login Service...
         Starting Snap Daemon...
[[0;32m  OK  [0m] Started System Logging Service.
[[0;32m  OK  [0m] Started Availability of block devices.
[[0;32m  OK  [0m] Started LXD - container startup/shutdown.
[[0;32m  OK  [0m] Started Permit User Sessions.
         Starting Terminate Plymouth Boot Screen...
         Starting Hold until boot process finishes up...
[[0;32m  OK  [0m] Started Hold until boot process finishes up.
[[0;32m  OK  [0m] Started Terminate Plymouth Boot Screen.
[[0;32m  OK  [0m] Started Login Service.
[[0;32m  OK  [0m] Started Unattended Upgrades Shutdown.
         Starting Set console scheme...
[[0;32m  OK  [0m] Started Serial Getty on ttyS0.
[[0;32m  OK  [0m] Started Set console scheme.
[[0;32m  OK  [0m] Created slice system-getty.slice.
[[0;32m  OK  [0m] Started Getty on tty1.
[[0;32m  OK  [0m] Reached target Login Prompts.
         Starting Authorization Manager...
[[0;32m  OK  [0m] Started LSB: Record successful boot for GRUB.
[[0;32m  OK  [0m] Started LSB: automatic crash report generation.
[[0;32m  OK  [0m] Started Authorization Manager.
[[0;32m  OK  [0m] Started Accounts Service.
[[0;32m  OK  [0m] Started Virtualbox guest utils.
[[0;32m  OK  [0m] Started Dispatcher daemon for systemd-networkd.
[[0;32m  OK  [0m] Started Snap Daemon.
         Starting Wait until snapd is fully seeded...
[[0;32m  OK  [0m] Started Pollinate to seed the pseudo random number generator.
         Starting OpenBSD Secure Shell server...
[[0;32m  OK  [0m] Started OpenBSD Secure Shell server.
[[0;32m  OK  [0m] Created slice User Slice of vagrant.
         Starting User Manager for UID 1000...
[[0;32m  OK  [0m] Started Session 1 of user vagrant.
[[0;32m  OK  [0m] Started User Manager for UID 1000.
[[0;32m  OK  [0m] Started Wait until snapd is fully seeded.
[[0;32m  OK  [0m] Reached target Multi-User System.
[[0;32m  OK  [0m] Reached target Graphical Interface.
         Starting Update UTMP about System Runlevel Changes...
         Starting Apply the settings specified in cloud-config...
[[0;32m  OK  [0m] Started Update UTMP about System Runlevel Changes.
[   14.837556] cloud-init[1099]: Cloud-init v. 21.1-19-gbad84ad4-0ubuntu1~18.04.2 running 'modules:config' at Tue, 25 May 2021 13:03:20 +0000. Up 13.79 seconds.
[[0;32m  OK  [0m] Started Apply the settings specified in cloud-config.
         Starting Execute cloud user/final scripts...
ci-info: no authorized SSH keys fingerprints found for user ubuntu.
<14>May 25 13:03:22 ec2: 
<14>May 25 13:03:22 ec2: #############################################################
<14>May 25 13:03:22 ec2: -----BEGIN SSH HOST KEY FINGERPRINTS-----
<14>May 25 13:03:22 ec2: 1024 SHA256:xLhbPrCqAmyHxICL6lK2vDxgGrWDUShbxb+51sCej9k root@ubuntu-bionic (DSA)
<14>May 25 13:03:22 ec2: 256 SHA256:A0KSttKizvd2ocdPJg9U+8lKlU0z6TOkweVOU/bhv8c root@ubuntu-bionic (ECDSA)
<14>May 25 13:03:22 ec2: 256 SHA256:ZdLqgHAqhZO/iXbBzBw1vx3X6ttKnPXkQZkYtt9alGo root@ubuntu-bionic (ED25519)
<14>May 25 13:03:22 ec2: 2048 SHA256:4uTwk7tDFKm4Pg02Dx7LajvX5iD96e/VC7XtZj345Bc root@ubuntu-bionic (RSA)
<14>May 25 13:03:22 ec2: -----END SSH HOST KEY FINGERPRINTS-----
<14>May 25 13:03:22 ec2: #############################################################
-----BEGIN SSH HOST KEY KEYS-----
ecdsa-sha2-nistp256 AAAAE2VjZHNhLXNoYTItbmlzdHAyNTYAAAAIbmlzdHAyNTYAAABBBHqY3lNa63Jl/bnnTqR02ZUiejvQhS/DORwoSw5WbIbbUUenNz2JKtaLlsvNqLFHj2cJ1TmFfxopsYQaBhe8QKY= root@ubuntu-bionic
ssh-ed25519 AAAAC3NzaC1lZDI1NTE5AAAAIOE4yH/nN0hQESmUgT+qMLMGr4mK+Utd5o7TAUmljAdc root@ubuntu-bionic
ssh-rsa AAAAB3NzaC1yc2EAAAADAQABAAABAQClTgKIp3XFbjDItTZUTdGBRA4oTxOLj/HhYo2E3rNfFZhHqx5cLzyDBWpn893TweAW892/uDtHEbD2YFmUvnCpGqQpQl6lQv+sfx4zdXVEC6ZmE+wS8gX8a9dBW1SUhXLW46ZcyGh3O5VJxfJwP1jv3kB7Mg5lprPbK2Xo5IAI5H0Lsfoiec2o8OT93YjCvFOtQO/NMrT44xnGexu4K2FeNtW8JdRY/1s1WggrfViNm2W3UgaopwctG/cuaZhAWryJopNzQfCUbnhLk+zZAB18iMTvXd5RsRkY/b2lPiHaYKdfDX/AmyyDz0E9RIbmEKZBayhTr1oEjzTc233WUivT root@ubuntu-bionic
-----END SSH HOST KEY KEYS-----
[   15.620080] cloud-init[1202]: Cloud-init v. 21.1-19-gbad84ad4-0ubuntu1~18.04.2 running 'modules:final' at Tue, 25 May 2021 13:03:21 +0000. Up 15.43 seconds.
[   15.632243] cloud-init[1202]: ci-info: no authorized SSH keys fingerprints found for user ubuntu.
[   15.648344] cloud-init[1202]: Cloud-init v. 21.1-19-gbad84ad4-0ubuntu1~18.04.2 finished at Tue, 25 May 2021 13:03:22 +0000. Datasource DataSourceNoCloud [seed=/dev/sdb][dsmode=net].  Up 15.61 seconds
[[0;32m  OK  [0m] Started Execute cloud user/final scripts.
[[0;32m  OK  [0m] Reached target Cloud-init target.

Ubuntu 18.04.5 LTS ubuntu-bionic ttyS0

ubuntu-bionic login: [[0;32m  OK  [0m] Stopped Unattended Upgrades Shutdown.
[[0;32m  OK  [0m] Stopped target Cloud-init target.
[[0;32m  OK  [0m] Stopped Execute cloud user/final scripts.
[[0;32m  OK  [0m] Stopped Apply the settings specified in cloud-config.
         Unmounting /vagrant...
[[0;32m  OK  [0m] Closed Load/Save RF Kill Switch Status /dev/rfkill Watch.
         Stopping Session 185 of user vagrant.
[[0;32m  OK  [0m] Stopped target Graphical Interface.
[[0;32m  OK  [0m] Stopped target Multi-User System.
         Stopping vboxadd-service.service...
         Stopping D-Bus System Message Bus...
         Stopping FUSE filesystem for LXC...
         Stopping Deferred execution scheduler...
         Stopping The Apache HTTP Server...
         Stopping LXD - container startup/shutdown...
         Stopping OpenBSD Secure Shell server...
         Stopping Accounts Service...
         Stopping LSB: automatic crash report generation...
         Stopping LSB: Record successful boot for GRUB...
         Stopping Session 175 of user vagrant.
         Stopping Authorization Manager...
         Stopping Dispatcher daemon for systemd-networkd...
         Stopping Regular background program processing daemon...
[[0;32m  OK  [0m] Stopped Wait until snapd is fully seeded.
         Stopping System Logging Service...
[[0;32m  OK  [0m] Stopped target Cloud-config availability.
[[0;32m  OK  [0m] Stopped target Login Prompts.
         Stopping Getty on tty1...
         Stopping Serial Getty on ttyS0...
         Stopping Docker Application Container Engine...
         Stopping User Manager for UID 1000...
[[0;32m  OK  [0m] Stopped target Timers.
[[0;32m  OK  [0m] Stopped Daily Cleanup of Temporary Directories.
[[0;32m  OK  [0m] Stopped Discard unused blocks once a week.
[[0;32m  OK  [0m] Stopped Message of the Day.
[[0;32m  OK  [0m] Stopped Daily apt upgrade and clean activities.
[[0;32m  OK  [0m] Stopped Daily apt download activities.
[[0;32m  OK  [0m] Stopped Clean PHP session files every 30 mins.
         Stopping Availability of block devices...
[[0;32m  OK  [0m] Stopped Ubuntu Advantage update messaging.
[[0;32m  OK  [0m] Stopped target System Time Synchronized.
[[0;32m  OK  [0m] Unmounted /var/lib/lxcfs.
[[0;32m  OK  [0m] Stopped Regular background program processing daemon.
[[0;32m  OK  [0m] Stopped Deferred execution scheduler.
[[0;32m  OK  [0m] Stopped System Logging Service.
[[0;32m  OK  [0m] Stopped Dispatcher daemon for systemd-networkd.
[[0;32m  OK  [0m] Stopped Accounts Service.
[[0;32m  OK  [0m] Stopped Serial Getty on ttyS0.
[[0;32m  OK  [0m] Stopped Getty on tty1.
[[0;32m  OK  [0m] Stopped Authorization Manager.
[[0;32m  OK  [0m] Stopped OpenBSD Secure Shell server.
[[0;32m  OK  [0m] Stopped User Manager for UID 1000.
[[0;32m  OK  [0m] Unmounted /vagrant.
[[0;32m  OK  [0m] Stopped D-Bus System Message Bus.
[[0;32m  OK  [0m] Stopped Session 175 of user vagrant.
[[0;32m  OK  [0m] Stopped FUSE filesystem for LXC.
[[0;32m  OK  [0m] Stopped Session 185 of user vagrant.
[[0;32m  OK  [0m] Removed slice User Slice of vagrant.
         Stopping Login Service...
[[0;32m  OK  [0m] Removed slice system-getty.slice.
         Stopping Permit User Sessions...
[[0;32m  OK  [0m] Removed slice system-serial\x2dgetty.slice.
[[0;32m  OK  [0m] Stopped Login Service.
[[0;32m  OK  [0m] Stopped vboxadd-service.service.
[[0;32m  OK  [0m] Stopped Availability of block devices.
         Stopping vboxadd.service...
[[0;32m  OK  [0m] Stopped LXD - container startup/shutdown.
[[0;32m  OK  [0m] Stopped Permit User Sessions.
[[0;32m  OK  [0m] Stopped target User and Group Name Lookups.
[[0;32m  OK  [0m] Stopped LSB: Record successful boot for GRUB.
[[0;32m  OK  [0m] Stopped LSB: automatic crash report generation.
[[0;32m  OK  [0m] Stopped The Apache HTTP Server.
[[0;32m  OK  [0m] Stopped target Remote File Systems.
[[0;32m  OK  [0m] Stopped target Remote File Systems (Pre).
[[0;32m  OK  [0m] Stopped target Host and Network Name Lookups.
[[0;32m  OK  [0m] Stopped vboxadd.service.
[[0;32m  OK  [0m] Unmounted /run/docker/netns/759ac9b8d55a.
[[0;32m  OK  [0m] Unmounted /var/lib/docker/overlay2/…2cf5f0bb2267a6a8216efb28e3/merged.
[[0;32m  OK  [0m] Stopped Docker Application Container Engine.
[[0;32m  OK  [0m] Stopped target Network is Online.
         Stopping containerd container runtime...
[[0;32m  OK  [0m] Stopped containerd container runtime.
[[0;32m  OK  [0m] Stopped target Network.
         Stopping Network Name Resolution...
[[0;32m  OK  [0m] Stopped target Basic System.
[[0;32m  OK  [0m] Stopped target Sockets.
[[0;32m  OK  [0m] Closed Syslog Socket.
[[0;32m  OK  [0m] Closed LXD - unix socket.
[[0;32m  OK  [0m] Closed Socket activation for snappy daemon.
[[0;32m  OK  [0m] Closed Open-iSCSI iscsid Socket.
[[0;32m  OK  [0m] Closed ACPID Listen Socket.
[[0;32m  OK  [0m] Closed Docker Socket for the API.
[[0;32m  OK  [0m] Closed UUID daemon activation socket.
[[0;32m  OK  [0m] Closed D-Bus System Message Bus Socket.
[[0;32m  OK  [0m] Stopped target Paths.
[[0;32m  OK  [0m] Stopped ACPI Events Check.
[[0;32m  OK  [0m] Stopped target System Initialization.
         Stopping Update UTMP about System Boot/Shutdown...
[[0;32m  OK  [0m] Stopped Commit a transient machine-id on disk.
[[0;32m  OK  [0m] Stopped target Local Encrypted Volumes.
[[0;32m  OK  [0m] Stopped Forward Password Requests to Wall Directory Watch.
[[0;32m  OK  [0m] Stopped Dispatch Password Requests to Console Directory Watch.
[[0;32m  OK  [0m] Stopped Initial cloud-init job (metadata service crawler).
         Stopping Load/Save Random Seed...
[[0;32m  OK  [0m] Stopped target Slices.
[[0;32m  OK  [0m] Removed slice User and Session Slice.
[[0;32m  OK  [0m] Stopped Network Name Resolution.
[[0;32m  OK  [0m] Stopped Load/Save Random Seed.
[[0;32m  OK  [0m] Stopped Update UTMP about System Boot/Shutdown.
         Stopping Network Service...
[[0;32m  OK  [0m] Stopped Create Volatile Files and Directories.
[[0;32m  OK  [0m] Stopped target Local File Systems.
         Unmounting /run/user/1000...
[[0;32m  OK  [0m] Stopped Network Service.
[[0;32m  OK  [0m] Unmounted /run/user/1000.
[[0;32m  OK  [0m] Reached target Unmount All Filesystems.
[[0;32m  OK  [0m] Stopped target Swap.
[[0;32m  OK  [0m] Stopped target Local File Systems (Pre).
         Stopping Monitoring of LVM2 mirrors…ng dmeventd or progress polling...
[[0;32m  OK  [0m] Stopped Create Static Device Nodes in /dev.
[[0;32m  OK  [0m] Stopped target Network (Pre).
[[0;32m  OK  [0m] Stopped Initial cloud-init job (pre-networking).
[[0;32m  OK  [0m] Stopped Remount Root and Kernel File Systems.
[[0;32m  OK  [0m] Stopped Apply Kernel Variables.
[[0;32m  OK  [0m] Stopped Load Kernel Modules.
[[0;32m  OK  [0m] Reached target Shutdown.
[[0;32m  OK  [0m] Reached target Final Step.
         Starting Power-Off...
[[0;32m  OK  [0m] Stopped Monitoring of LVM2 mirrors,…sing dmeventd or progress polling.
         Stopping LVM2 metadata daemon...
[[0;32m  OK  [0m] Stopped LVM2 metadata daemon.
[172149.164163] reboot: Power down
